<?xml version="1.0" encoding="UTF-8"?>
<testng-results ignored="0" total="1" passed="1" failed="0" skipped="0">
  <reporter-output>
  </reporter-output>
  <suite started-at="2023-03-10T14:09:43 IST" name="Default suite" finished-at="2023-03-10T14:10:12 IST" duration-ms="29096">
    <groups>
    </groups>
    <test started-at="2023-03-10T14:09:43 IST" name="Default test" finished-at="2023-03-10T14:10:12 IST" duration-ms="29096">
      <class name="QA_Engineer.Assignment.TestClass">
        <test-method is-config="true" signature="Configure()[pri:0, instance:QA_Engineer.Assignment.TestClass@7f3b84b8]" started-at="2023-03-10T14:09:43 IST" name="Configure" finished-at="2023-03-10T14:10:08 IST" duration-ms="24730" status="PASS">
          <reporter-output>
          </reporter-output>
        </test-method> <!-- Configure -->
        <test-method signature="m1()[pri:0, instance:QA_Engineer.Assignment.TestClass@7f3b84b8]" started-at="2023-03-10T14:10:08 IST" name="m1" finished-at="2023-03-10T14:10:12 IST" duration-ms="3713" status="PASS">
          <reporter-output>
          </reporter-output>
        </test-method> <!-- m1 -->
        <test-method is-config="true" signature="BrowserClose()[pri:0, instance:QA_Engineer.Assignment.TestClass@7f3b84b8]" started-at="2023-03-10T14:10:12 IST" name="BrowserClose" finished-at="2023-03-10T14:10:12 IST" duration-ms="474" status="PASS">
          <reporter-output>
          </reporter-output>
        </test-method> <!-- BrowserClose -->
      </class> <!-- QA_Engineer.Assignment.TestClass -->
    </test> <!-- Default test -->
  </suite> <!-- Default suite -->
</testng-results>
